\BOOKMARK [1][-]{section*.2}{Abbildungsverzeichnis}{}% 1
\BOOKMARK [1][-]{section*.3}{Tabellenverzeichnis}{}% 2
\BOOKMARK [1][-]{section.1}{Einleitung}{}% 3
\BOOKMARK [2][-]{subsection.1.1}{Zielsetzung}{section.1}% 4
\BOOKMARK [2][-]{subsection.1.2}{Aufbau der Arbeit}{section.1}% 5
\BOOKMARK [1][-]{section.2}{Technische Grundlagen}{}% 6
\BOOKMARK [2][-]{subsection.2.1}{DVB - Digital Video Broadcast}{section.2}% 7
\BOOKMARK [3][-]{subsubsection.2.1.1}{DVB-T}{subsection.2.1}% 8
\BOOKMARK [3][-]{subsubsection.2.1.2}{DVB-S}{subsection.2.1}% 9
\BOOKMARK [3][-]{subsubsection.2.1.3}{DVB-C}{subsection.2.1}% 10
\BOOKMARK [2][-]{subsection.2.2}{Pay-TV}{section.2}% 11
\BOOKMARK [2][-]{subsection.2.3}{Streaming}{section.2}% 12
\BOOKMARK [1][-]{section.3}{Latex-Details}{}% 13
\BOOKMARK [2][-]{subsection.3.1}{Verwendete Software, Editor und Zusatzpakete}{section.3}% 14
\BOOKMARK [3][-]{subsubsection.3.1.1}{Windows 8+}{subsection.3.1}% 15
\BOOKMARK [3][-]{subsubsection.3.1.2}{Mac OSX und iOS}{subsection.3.1}% 16
\BOOKMARK [3][-]{subsubsection.3.1.3}{Online}{subsection.3.1}% 17
\BOOKMARK [2][-]{subsection.3.2}{Dokumentenklasse}{section.3}% 18
\BOOKMARK [2][-]{subsection.3.3}{Grafiken}{section.3}% 19
\BOOKMARK [2][-]{subsection.3.4}{Quellcode}{section.3}% 20
\BOOKMARK [2][-]{subsection.3.5}{Tabellen}{section.3}% 21
\BOOKMARK [2][-]{subsection.3.6}{Biblatex}{section.3}% 22
\BOOKMARK [2][-]{subsection.3.7}{Listen und Aufz\344hlungen}{section.3}% 23
\BOOKMARK [3][-]{subsubsection.3.7.1}{Listen}{subsection.3.7}% 24
\BOOKMARK [3][-]{subsubsection.3.7.2}{Aufz\344hlungen}{subsection.3.7}% 25
\BOOKMARK [2][-]{subsection.3.8}{Skript zum Kompilieren}{section.3}% 26
\BOOKMARK [1][-]{section.4}{Fazit}{}% 27
